c:\users\tetcos\desktop\heterogeneous_leach_for_wsn_v12.1\leach_hetero_workspace\src\simulation\zigbee\debug\vc142.pdb
c:\users\tetcos\desktop\heterogeneous_leach_for_wsn_v12.1\leach_hetero_workspace\src\simulation\zigbee\debug\vc142.idb
c:\users\tetcos\desktop\heterogeneous_leach_for_wsn_v12.1\leach_hetero_workspace\src\simulation\zigbee\debug\unslottedcsmaca.obj
c:\users\tetcos\desktop\heterogeneous_leach_for_wsn_v12.1\leach_hetero_workspace\src\simulation\zigbee\debug\superframe.obj
c:\users\tetcos\desktop\heterogeneous_leach_for_wsn_v12.1\leach_hetero_workspace\src\simulation\zigbee\debug\slottedcsmaca.obj
c:\users\tetcos\desktop\heterogeneous_leach_for_wsn_v12.1\leach_hetero_workspace\src\simulation\zigbee\debug\sinrcalculation.obj
c:\users\tetcos\desktop\heterogeneous_leach_for_wsn_v12.1\leach_hetero_workspace\src\simulation\zigbee\debug\locatebackoffboundary.obj
c:\users\tetcos\desktop\heterogeneous_leach_for_wsn_v12.1\leach_hetero_workspace\src\simulation\zigbee\debug\changeradiostate.obj
c:\users\tetcos\desktop\heterogeneous_leach_for_wsn_v12.1\leach_hetero_workspace\src\simulation\zigbee\debug\cca.obj
c:\users\tetcos\desktop\heterogeneous_leach_for_wsn_v12.1\leach_hetero_workspace\src\simulation\zigbee\debug\bercalculation.obj
c:\users\tetcos\desktop\heterogeneous_leach_for_wsn_v12.1\leach_hetero_workspace\src\simulation\zigbee\debug\backoffcalculation.obj
c:\users\tetcos\desktop\heterogeneous_leach_for_wsn_v12.1\leach_hetero_workspace\src\simulation\zigbee\debug\802_15_4.obj
c:\users\tetcos\desktop\heterogeneous_leach_for_wsn_v12.1\leach_hetero_workspace\bin\bin_x86\libzigbee.dll
c:\users\tetcos\desktop\heterogeneous_leach_for_wsn_v12.1\leach_hetero_workspace\bin\bin_x86\zigbee.pdb
c:\users\tetcos\desktop\heterogeneous_leach_for_wsn_v12.1\leach_hetero_workspace\bin\bin_x86\zigbee.lib
c:\users\tetcos\desktop\heterogeneous_leach_for_wsn_v12.1\leach_hetero_workspace\bin\bin_x86\zigbee.exp
c:\users\tetcos\desktop\heterogeneous_leach_for_wsn_v12.1\leach_hetero_workspace\src\simulation\zigbee\debug\zigbee.tlog\cl.command.1.tlog
c:\users\tetcos\desktop\heterogeneous_leach_for_wsn_v12.1\leach_hetero_workspace\src\simulation\zigbee\debug\zigbee.tlog\cl.read.1.tlog
c:\users\tetcos\desktop\heterogeneous_leach_for_wsn_v12.1\leach_hetero_workspace\src\simulation\zigbee\debug\zigbee.tlog\cl.write.1.tlog
c:\users\tetcos\desktop\heterogeneous_leach_for_wsn_v12.1\leach_hetero_workspace\src\simulation\zigbee\debug\zigbee.tlog\link.command.1.tlog
c:\users\tetcos\desktop\heterogeneous_leach_for_wsn_v12.1\leach_hetero_workspace\src\simulation\zigbee\debug\zigbee.tlog\link.read.1.tlog
c:\users\tetcos\desktop\heterogeneous_leach_for_wsn_v12.1\leach_hetero_workspace\src\simulation\zigbee\debug\zigbee.tlog\link.write.1.tlog
c:\users\tetcos\desktop\heterogeneous_leach_for_wsn_v12.1\leach_hetero_workspace\src\simulation\zigbee\debug\zigbee.tlog\zigbee.write.1u.tlog
