C:\Program Files (x86)\Microsoft Visual Studio\2019\Community\MSBuild\Microsoft\VC\v160\Microsoft.CppBuild.targets(438,5): warning MSB8004: Output Directory does not end with a trailing slash.  This build instance will add the slash as it is required to allow proper evaluation of the Output Directory.
  CheckRouteFound.c
  DSR.c
C:\Users\TETCOS\Desktop\Heterogeneous_LEACH_for_WSN_v12.1\LEACH_HETERO_WORKSPACE\src\Simulation\ZigBee\802_15_4.h(311,2): warning C4995: 'PROPAGATION_HANDLE': name was marked as #pragma deprecated
  LEACH_HETEROGENEOUS.c
C:\Users\TETCOS\Desktop\Heterogeneous_LEACH_for_WSN_v12.1\LEACH_HETERO_WORKSPACE\src\Simulation\DSR\DSR.c(171,31): warning C4013: 'fn_NetSim_LEACH_HETERO_run' undefined; assuming extern returning int
C:\Users\TETCOS\Desktop\Heterogeneous_LEACH_for_WSN_v12.1\LEACH_HETERO_WORKSPACE\src\Simulation\ZigBee\802_15_4.h(311,2): warning C4995: 'PROPAGATION_HANDLE': name was marked as #pragma deprecated
C:\Users\TETCOS\Desktop\Heterogeneous_LEACH_for_WSN_v12.1\LEACH_HETERO_WORKSPACE\src\Simulation\DSR\LEACH_HETEROGENEOUS.c(64,57): warning C4013: 'fn_NetSim_LEACH_HETERO_CheckIfCH' undefined; assuming extern returning int
C:\Users\TETCOS\Desktop\Heterogeneous_LEACH_for_WSN_v12.1\LEACH_HETERO_WORKSPACE\src\Simulation\DSR\LEACH_HETEROGENEOUS.c(85,29): warning C4013: 'fn_NetSim_LEACH_HETERO_run' undefined; assuming extern returning int
C:\Users\TETCOS\Desktop\Heterogeneous_LEACH_for_WSN_v12.1\LEACH_HETERO_WORKSPACE\src\Simulation\DSR\LEACH_HETEROGENEOUS.c(48,6): warning C4101: 'i': unreferenced local variable
C:\Users\TETCOS\Desktop\Heterogeneous_LEACH_for_WSN_v12.1\LEACH_HETERO_WORKSPACE\src\Simulation\DSR\LEACH_HETEROGENEOUS.c(47,12): warning C4101: 'nInterface': unreferenced local variable
C:\Users\TETCOS\Desktop\Heterogeneous_LEACH_for_WSN_v12.1\LEACH_HETERO_WORKSPACE\src\Simulation\DSR\LEACH_HETEROGENEOUS.c(49,6): warning C4101: 'ClusterId': unreferenced local variable
C:\Users\TETCOS\Desktop\Heterogeneous_LEACH_for_WSN_v12.1\LEACH_HETERO_WORKSPACE\src\Simulation\DSR\LEACH_HETEROGENEOUS.c(111,16): warning C4018: '<': signed/unsigned mismatch
C:\Users\TETCOS\Desktop\Heterogeneous_LEACH_for_WSN_v12.1\LEACH_HETERO_WORKSPACE\src\Simulation\DSR\LEACH_HETEROGENEOUS.c(128,39): warning C4244: '=': conversion from 'double' to 'int', possible loss of data
  MaintBuffer.c
  MATLAB_Interface.c
C:\Users\TETCOS\Desktop\Heterogeneous_LEACH_for_WSN_v12.1\LEACH_HETERO_WORKSPACE\src\Simulation\DSR\LEACH_HETEROGENEOUS.c(145,16): warning C4018: '<': signed/unsigned mismatch
C:\Program Files (x86)\Microsoft Visual Studio\2019\Community\VC\Tools\MSVC\14.23.28105\include\stdbool.h(16,1): warning C4005: 'false': macro redefinition
C:\Program Files\MATLAB\R2016a\extern\include\tmwtypes.h(761): message : see previous definition of 'false'
C:\Program Files (x86)\Microsoft Visual Studio\2019\Community\VC\Tools\MSVC\14.23.28105\include\stdbool.h(17,1): warning C4005: 'true': macro redefinition
C:\Program Files\MATLAB\R2016a\extern\include\tmwtypes.h(764): message : see previous definition of 'true'
C:\Users\TETCOS\Desktop\Heterogeneous_LEACH_for_WSN_v12.1\LEACH_HETERO_WORKSPACE\src\Simulation\Include\main.h(212,1): warning C4005: 'printf': macro redefinition
C:\Program Files\MATLAB\R2016a\extern\include\mex.h(190): message : see previous definition of 'printf'
C:\Users\TETCOS\Desktop\Heterogeneous_LEACH_for_WSN_v12.1\LEACH_HETERO_WORKSPACE\src\Simulation\ZigBee\802_15_4.h(311,2): warning C4995: 'PROPAGATION_HANDLE': name was marked as #pragma deprecated
C:\Users\TETCOS\Desktop\Heterogeneous_LEACH_for_WSN_v12.1\LEACH_HETERO_WORKSPACE\src\Simulation\DSR\MATLAB_Interface.c(87,16): warning C4018: '<': signed/unsigned mismatch
  Network_Layer_Ack.c
  PacketProcessing.c
  RouteCache.c
  RouteError.c
  RouteReply.c
  RouteRequest.c
  SendBuffer.c
  SourceRoute.c
  Generating Code...
C:\Users\TETCOS\Desktop\Heterogeneous_LEACH_for_WSN_v12.1\LEACH_HETERO_WORKSPACE\src\Simulation\DSR\MATLAB_Interface.c(136,37): warning C4013: 'fn_NetSim_LEACH_HETERO_form_cluster' undefined; assuming extern returning int
C:\Program Files (x86)\Microsoft Visual Studio\2019\Community\MSBuild\Microsoft\VC\v160\Microsoft.CppBuild.targets(1267,5): warning MSB8012: TargetPath(C:\Users\TETCOS\Desktop\Heterogeneous_LEACH_for_WSN_v12.1\LEACH_HETERO_WORKSPACE\src\Simulation\DSR\..\..\..\bin\bin_x64\DSR.dll) does not match the Linker's OutputFile property value (C:\Users\TETCOS\Desktop\Heterogeneous_LEACH_for_WSN_v12.1\LEACH_HETERO_WORKSPACE\bin\bin_x64\libDSR.dll). This may cause your project to build incorrectly. To correct this, please make sure that $(OutDir), $(TargetName) and $(TargetExt) property values match the value specified in %(Link.OutputFile).
C:\Program Files (x86)\Microsoft Visual Studio\2019\Community\MSBuild\Microsoft\VC\v160\Microsoft.CppBuild.targets(1269,5): warning MSB8012: TargetName(DSR) does not match the Linker's OutputFile property value (libDSR). This may cause your project to build incorrectly. To correct this, please make sure that $(OutDir), $(TargetName) and $(TargetExt) property values match the value specified in %(Link.OutputFile).
CheckRouteFound.obj : warning LNK4075: ignoring '/EDITANDCONTINUE' due to '/INCREMENTAL:NO' specification
  List.lib(List.obj) : MSIL .netmodule or module compiled with /GL found; restarting link with /LTCG; add /LTCG to the link command line to improve linker performance
CheckRouteFound.obj : warning LNK4075: ignoring '/EDITANDCONTINUE' due to '/INCREMENTAL:NO' specification
     Creating library ..\..\..\bin\bin_x64\DSR.lib and object ..\..\..\bin\bin_x64\DSR.exp
LINK : warning LNK4098: defaultlib 'MSVCRT' conflicts with use of other libs; use /NODEFAULTLIB:library
  Generating code
  Finished generating code
List.lib(List.obj) : warning LNK4099: PDB 'List.pdb' was not found with 'List.lib(List.obj)' or at 'C:\Users\TETCOS\Desktop\Heterogeneous_LEACH_for_WSN_v12.1\LEACH_HETERO_WORKSPACE\bin\bin_x64\List.pdb'; linking object as if no debug info
DSR.lib(DSR.obj) : warning LNK4099: PDB 'DSRLib.pdb' was not found with 'DSR.lib(DSR.obj)' or at 'C:\Users\TETCOS\Desktop\Heterogeneous_LEACH_for_WSN_v12.1\LEACH_HETERO_WORKSPACE\bin\bin_x64\DSRLib.pdb'; linking object as if no debug info
DSR.lib(LinkLayerAck.obj) : warning LNK4099: PDB 'DSRLib.pdb' was not found with 'DSR.lib(LinkLayerAck.obj)' or at 'C:\Users\TETCOS\Desktop\Heterogeneous_LEACH_for_WSN_v12.1\LEACH_HETERO_WORKSPACE\bin\bin_x64\DSRLib.pdb'; linking object as if no debug info
  DSR.vcxproj -> C:\Users\TETCOS\Desktop\Heterogeneous_LEACH_for_WSN_v12.1\LEACH_HETERO_WORKSPACE\src\Simulation\DSR\..\..\..\bin\bin_x64\DSR.dll
